<?xml version="1.0" encoding="UTF-8"?>
<!-- Generated by org.testng.reporters.JUnitReportReporter -->
<testsuite hostname="Mahi" failures="0" tests="2" name="Helpers.Initialization" time="17.290" errors="0" timestamp="2024-08-30T14:46:16 IST" skipped="0">
  <testcase classname="Helpers.Initialization" name="InvokeBrowser" time="2.667"/>
  <system-out/>
  <testcase classname="Helpers.Initialization" name="loadURL" time="14.623"/>
  <system-out/>
</testsuite> <!-- Helpers.Initialization -->
