<?xml version="1.0" encoding="UTF-8"?>
<!-- Generated by org.testng.reporters.JUnitReportReporter -->
<testsuite hostname="Mahi" failures="0" tests="1" name="PageObjectClasses.seleniumUsableFunctions" time="5.062" errors="0" timestamp="2024-08-30T03:37:48 IST" skipped="0">
  <testcase classname="PageObjectClasses.seleniumUsableFunctions" name="dynamicWebTable" time="5.062"/>
  <system-out/>
</testsuite> <!-- PageObjectClasses.seleniumUsableFunctions -->
